Arguments: 
  /home/hung/.nvm/versions/node/v10.24.1/bin/node /usr/share/yarn/bin/yarn.js install

PATH: 
  /home/hung/.vscode-server/bin/e2816fe719a4026ffa1ee0189dc89bdfdbafb164/bin/remote-cli:/home/hung/.nvm/versions/node/v10.24.1/bin:/usr/local/sbin:/usr/local/bin:/usr/sbin:/usr/bin:/sbin:/bin:/usr/games:/usr/local/games:/usr/lib/wsl/lib:/mnt/c/Windows/system32:/mnt/c/Windows:/mnt/c/Windows/System32/Wbem:/mnt/c/Windows/System32/WindowsPowerShell/v1.0/:/mnt/c/Windows/System32/OpenSSH/:/mnt/c/Program Files (x86)/NVIDIA Corporation/PhysX/Common:/mnt/c/Program Files/NVIDIA Corporation/NVIDIA NvDLISR:/mnt/c/WINDOWS/system32:/mnt/c/WINDOWS:/mnt/c/WINDOWS/System32/Wbem:/mnt/c/WINDOWS/System32/WindowsPowerShell/v1.0/:/mnt/c/WINDOWS/System32/OpenSSH/:/mnt/c/Program Files/Microsoft SQL Server/130/Tools/Binn/:/mnt/c/WINDOWS/system32:/mnt/c/WINDOWS:/mnt/c/WINDOWS/System32/Wbem:/mnt/c/WINDOWS/System32/WindowsPowerShell/v1.0/:/mnt/c/WINDOWS/System32/OpenSSH/:/mnt/c/Program Files/dotnet/:/mnt/c/Program Files/Docker/Docker/resources/bin:/mnt/c/Users/Admin/AppData/Local/Microsoft/WindowsApps:/mnt/d/Microsoft VS Code/bin:/snap/bin

Yarn version: 
  1.22.5

Node version: 
  10.24.1

Platform: 
  linux x64

Trace: 
  Error: https://registry.yarnpkg.com/@discoveryjs/json-ext/-/json-ext-0.5.7.tgz: Request failed "500 Internal Server Error"
      at ResponseError.ExtendableBuiltin (/usr/share/yarn/lib/cli.js:696:66)
      at new ResponseError (/usr/share/yarn/lib/cli.js:802:124)
      at Request.<anonymous> (/usr/share/yarn/lib/cli.js:67058:16)
      at Request.emit (events.js:198:13)
      at Request.module.exports.Request.onRequestResponse (/usr/share/yarn/lib/cli.js:141626:10)
      at ClientRequest.emit (events.js:203:15)
      at HTTPParser.parserOnIncomingClient [as onIncoming] (_http_client.js:565:21)
      at HTTPParser.parserOnHeadersComplete (_http_common.js:111:17)
      at TLSSocket.socketOnData (_http_client.js:451:20)
      at TLSSocket.emit (events.js:198:13)

npm manifest: 
  {
    "name": "react-app-game",
    "version": "1.0.0",
    "description": "game for fun",
    "main": "index.js",
    "scripts": {
      "start": "webpack serve --mode development",
      "build": "webpack --mode production"
    },
    "repository": {
      "type": "git",
      "url": "git+https://github.com/mamanana/react-app-game.git"
    },
    "keywords": [],
    "author": "hung",
    "license": "ISC",
    "bugs": {
      "url": "https://github.com/mamanana/react-app-game/issues"
    },
    "homepage": "https://github.com/mamanana/react-app-game#readme",
    "dependencies": {
      "localforage": "^1.10.0",
      "match-sorter": "^6.3.1",
      "react": "^18.2.0",
      "react-dom": "^18.2.0",
      "react-router-dom": "^6.8.0",
      "sort-by": "^1.2.0"
    },
    "devDependencies": {
      "@babel/core": "^7.20.12",
      "@babel/preset-env": "^7.20.2",
      "@babel/preset-react": "^7.18.6",
      "autoprefixer": "^10.4.13",
      "babel-loader": "^9.1.2",
      "css-loader": "^6.7.3",
      "html-webpack-plugin": "^5.5.0",
      "postcss": "^8.4.21",
      "postcss-cli": "^10.1.0",
      "postcss-loader": "^7.0.2",
      "sass": "^1.58.0",
      "sass-loader": "^13.2.0",
      "style-loader": "^3.3.1",
      "tailwindcss": "^3.2.4",
      "url-loader": "^4.1.1",
      "webpack": "^5.75.0",
      "webpack-cli": "^5.0.1",
      "webpack-dev-server": "^4.11.1",
      "dotenv": "^16.0.3",
      "dotenv-webpack": "^8.0.1"
    }
  }

yarn manifest: 
  No manifest

Lockfile: 
  No lockfile
